Started GET "/" for 127.0.0.1 at 2022-10-16 19:16:54 +0000
Processing by Rails::WelcomeController#index as */*
  Rendering /home/azureuser/.rvm/gems/ruby-3.0.0/gems/railties-7.0.4/lib/rails/templates/rails/welcome/index.html.erb
  Rendered /home/azureuser/.rvm/gems/ruby-3.0.0/gems/railties-7.0.4/lib/rails/templates/rails/welcome/index.html.erb (Duration: 1.4ms | Allocations: 730)
Completed 200 OK in 13ms (Views: 5.4ms | ActiveRecord: 0.0ms | Allocations: 7062)


Started GET "/" for 127.0.0.1 at 2022-10-16 19:24:50 +0000
Processing by Rails::WelcomeController#index as */*
  Rendering /home/azureuser/.rvm/gems/ruby-3.0.0/gems/railties-7.0.4/lib/rails/templates/rails/welcome/index.html.erb
  Rendered /home/azureuser/.rvm/gems/ruby-3.0.0/gems/railties-7.0.4/lib/rails/templates/rails/welcome/index.html.erb (Duration: 1.3ms | Allocations: 626)
Completed 200 OK in 9ms (Views: 3.5ms | ActiveRecord: 0.0ms | Allocations: 5801)


Started GET "/" for 127.0.0.1 at 2022-10-17 22:34:42 +0000
  [1m[35m (334.2ms)[0m  [1m[35mCREATE TABLE "schema_migrations" ("version" varchar NOT NULL PRIMARY KEY)[0m
  [1m[35m (242.4ms)[0m  [1m[35mCREATE TABLE "ar_internal_metadata" ("key" varchar NOT NULL PRIMARY KEY, "value" varchar, "created_at" datetime(6) NOT NULL, "updated_at" datetime(6) NOT NULL)[0m
  [1m[36mActiveRecord::SchemaMigration Pluck (0.2ms)[0m  [1m[34mSELECT "schema_migrations"."version" FROM "schema_migrations" ORDER BY "schema_migrations"."version" ASC[0m
  
ActiveRecord::PendingMigrationError (

Migrations are pending. To resolve this issue, run:

        bin/rails db:migrate RAILS_ENV=development

You have 1 pending migration:

20221016194227_create_sharks.rb


):
  
activerecord (7.0.4) lib/active_record/migration.rb:627:in `check_pending!'
activerecord (7.0.4) lib/active_record/migration.rb:592:in `block (2 levels) in call'
activesupport (7.0.4) lib/active_support/file_update_checker.rb:83:in `execute'
activerecord (7.0.4) lib/active_record/migration.rb:597:in `block in call'
activerecord (7.0.4) lib/active_record/migration.rb:589:in `synchronize'
activerecord (7.0.4) lib/active_record/migration.rb:589:in `call'
actionpack (7.0.4) lib/action_dispatch/middleware/callbacks.rb:27:in `block in call'
activesupport (7.0.4) lib/active_support/callbacks.rb:99:in `run_callbacks'
actionpack (7.0.4) lib/action_dispatch/middleware/callbacks.rb:26:in `call'
actionpack (7.0.4) lib/action_dispatch/middleware/executor.rb:14:in `call'
actionpack (7.0.4) lib/action_dispatch/middleware/actionable_exceptions.rb:17:in `call'
actionpack (7.0.4) lib/action_dispatch/middleware/debug_exceptions.rb:28:in `call'
web-console (4.2.0) lib/web_console/middleware.rb:132:in `call_app'
web-console (4.2.0) lib/web_console/middleware.rb:28:in `block in call'
web-console (4.2.0) lib/web_console/middleware.rb:17:in `catch'
web-console (4.2.0) lib/web_console/middleware.rb:17:in `call'
actionpack (7.0.4) lib/action_dispatch/middleware/show_exceptions.rb:26:in `call'
railties (7.0.4) lib/rails/rack/logger.rb:40:in `call_app'
railties (7.0.4) lib/rails/rack/logger.rb:25:in `block in call'
activesupport (7.0.4) lib/active_support/tagged_logging.rb:99:in `block in tagged'
activesupport (7.0.4) lib/active_support/tagged_logging.rb:37:in `tagged'
activesupport (7.0.4) lib/active_support/tagged_logging.rb:99:in `tagged'
railties (7.0.4) lib/rails/rack/logger.rb:25:in `call'
sprockets-rails (3.4.2) lib/sprockets/rails/quiet_assets.rb:13:in `call'
actionpack (7.0.4) lib/action_dispatch/middleware/remote_ip.rb:93:in `call'
actionpack (7.0.4) lib/action_dispatch/middleware/request_id.rb:26:in `call'
rack (2.2.4) lib/rack/method_override.rb:24:in `call'
rack (2.2.4) lib/rack/runtime.rb:22:in `call'
activesupport (7.0.4) lib/active_support/cache/strategy/local_cache_middleware.rb:29:in `call'
actionpack (7.0.4) lib/action_dispatch/middleware/server_timing.rb:61:in `block in call'
actionpack (7.0.4) lib/action_dispatch/middleware/server_timing.rb:26:in `collect_events'
actionpack (7.0.4) lib/action_dispatch/middleware/server_timing.rb:60:in `call'
actionpack (7.0.4) lib/action_dispatch/middleware/executor.rb:14:in `call'
actionpack (7.0.4) lib/action_dispatch/middleware/static.rb:23:in `call'
rack (2.2.4) lib/rack/sendfile.rb:110:in `call'
actionpack (7.0.4) lib/action_dispatch/middleware/host_authorization.rb:137:in `call'
railties (7.0.4) lib/rails/engine.rb:530:in `call'
puma (5.6.5) lib/puma/configuration.rb:252:in `call'
puma (5.6.5) lib/puma/request.rb:77:in `block in handle_request'
puma (5.6.5) lib/puma/thread_pool.rb:340:in `with_force_shutdown'
puma (5.6.5) lib/puma/request.rb:76:in `handle_request'
puma (5.6.5) lib/puma/server.rb:443:in `process_client'
puma (5.6.5) lib/puma/thread_pool.rb:147:in `block in spawn_thread'
Started GET "/" for 127.0.0.1 at 2022-10-17 22:34:54 +0000
  [1m[36mActiveRecord::SchemaMigration Pluck (0.1ms)[0m  [1m[34mSELECT "schema_migrations"."version" FROM "schema_migrations" ORDER BY "schema_migrations"."version" ASC[0m
  [1m[36mCACHE ActiveRecord::SchemaMigration Pluck (0.0ms)[0m  [1m[34mSELECT "schema_migrations"."version" FROM "schema_migrations" ORDER BY "schema_migrations"."version" ASC[0m
  
ActiveRecord::PendingMigrationError (

Migrations are pending. To resolve this issue, run:

        bin/rails db:migrate RAILS_ENV=development

You have 1 pending migration:

20221016194227_create_sharks.rb


):
  
activerecord (7.0.4) lib/active_record/migration.rb:627:in `check_pending!'
activerecord (7.0.4) lib/active_record/migration.rb:592:in `block (2 levels) in call'
activesupport (7.0.4) lib/active_support/file_update_checker.rb:83:in `execute'
activerecord (7.0.4) lib/active_record/migration.rb:597:in `block in call'
activerecord (7.0.4) lib/active_record/migration.rb:589:in `synchronize'
activerecord (7.0.4) lib/active_record/migration.rb:589:in `call'
actionpack (7.0.4) lib/action_dispatch/middleware/callbacks.rb:27:in `block in call'
activesupport (7.0.4) lib/active_support/callbacks.rb:99:in `run_callbacks'
actionpack (7.0.4) lib/action_dispatch/middleware/callbacks.rb:26:in `call'
actionpack (7.0.4) lib/action_dispatch/middleware/executor.rb:14:in `call'
actionpack (7.0.4) lib/action_dispatch/middleware/actionable_exceptions.rb:17:in `call'
actionpack (7.0.4) lib/action_dispatch/middleware/debug_exceptions.rb:28:in `call'
web-console (4.2.0) lib/web_console/middleware.rb:132:in `call_app'
web-console (4.2.0) lib/web_console/middleware.rb:28:in `block in call'
web-console (4.2.0) lib/web_console/middleware.rb:17:in `catch'
web-console (4.2.0) lib/web_console/middleware.rb:17:in `call'
actionpack (7.0.4) lib/action_dispatch/middleware/show_exceptions.rb:26:in `call'
railties (7.0.4) lib/rails/rack/logger.rb:40:in `call_app'
railties (7.0.4) lib/rails/rack/logger.rb:25:in `block in call'
activesupport (7.0.4) lib/active_support/tagged_logging.rb:99:in `block in tagged'
activesupport (7.0.4) lib/active_support/tagged_logging.rb:37:in `tagged'
activesupport (7.0.4) lib/active_support/tagged_logging.rb:99:in `tagged'
railties (7.0.4) lib/rails/rack/logger.rb:25:in `call'
sprockets-rails (3.4.2) lib/sprockets/rails/quiet_assets.rb:13:in `call'
actionpack (7.0.4) lib/action_dispatch/middleware/remote_ip.rb:93:in `call'
actionpack (7.0.4) lib/action_dispatch/middleware/request_id.rb:26:in `call'
rack (2.2.4) lib/rack/method_override.rb:24:in `call'
rack (2.2.4) lib/rack/runtime.rb:22:in `call'
activesupport (7.0.4) lib/active_support/cache/strategy/local_cache_middleware.rb:29:in `call'
actionpack (7.0.4) lib/action_dispatch/middleware/server_timing.rb:61:in `block in call'
actionpack (7.0.4) lib/action_dispatch/middleware/server_timing.rb:26:in `collect_events'
actionpack (7.0.4) lib/action_dispatch/middleware/server_timing.rb:60:in `call'
actionpack (7.0.4) lib/action_dispatch/middleware/executor.rb:14:in `call'
actionpack (7.0.4) lib/action_dispatch/middleware/static.rb:23:in `call'
rack (2.2.4) lib/rack/sendfile.rb:110:in `call'
actionpack (7.0.4) lib/action_dispatch/middleware/host_authorization.rb:137:in `call'
railties (7.0.4) lib/rails/engine.rb:530:in `call'
puma (5.6.5) lib/puma/configuration.rb:252:in `call'
puma (5.6.5) lib/puma/request.rb:77:in `block in handle_request'
puma (5.6.5) lib/puma/thread_pool.rb:340:in `with_force_shutdown'
puma (5.6.5) lib/puma/request.rb:76:in `handle_request'
puma (5.6.5) lib/puma/server.rb:443:in `process_client'
puma (5.6.5) lib/puma/thread_pool.rb:147:in `block in spawn_thread'
Started GET "/" for 127.0.0.1 at 2022-10-17 22:34:59 +0000
  [1m[36mActiveRecord::SchemaMigration Pluck (0.1ms)[0m  [1m[34mSELECT "schema_migrations"."version" FROM "schema_migrations" ORDER BY "schema_migrations"."version" ASC[0m
  [1m[36mCACHE ActiveRecord::SchemaMigration Pluck (0.0ms)[0m  [1m[34mSELECT "schema_migrations"."version" FROM "schema_migrations" ORDER BY "schema_migrations"."version" ASC[0m
  
ActiveRecord::PendingMigrationError (

Migrations are pending. To resolve this issue, run:

        bin/rails db:migrate RAILS_ENV=development

You have 1 pending migration:

20221016194227_create_sharks.rb


):
  
activerecord (7.0.4) lib/active_record/migration.rb:627:in `check_pending!'
activerecord (7.0.4) lib/active_record/migration.rb:592:in `block (2 levels) in call'
activesupport (7.0.4) lib/active_support/file_update_checker.rb:83:in `execute'
activerecord (7.0.4) lib/active_record/migration.rb:597:in `block in call'
activerecord (7.0.4) lib/active_record/migration.rb:589:in `synchronize'
activerecord (7.0.4) lib/active_record/migration.rb:589:in `call'
actionpack (7.0.4) lib/action_dispatch/middleware/callbacks.rb:27:in `block in call'
activesupport (7.0.4) lib/active_support/callbacks.rb:99:in `run_callbacks'
actionpack (7.0.4) lib/action_dispatch/middleware/callbacks.rb:26:in `call'
actionpack (7.0.4) lib/action_dispatch/middleware/executor.rb:14:in `call'
actionpack (7.0.4) lib/action_dispatch/middleware/actionable_exceptions.rb:17:in `call'
actionpack (7.0.4) lib/action_dispatch/middleware/debug_exceptions.rb:28:in `call'
web-console (4.2.0) lib/web_console/middleware.rb:132:in `call_app'
web-console (4.2.0) lib/web_console/middleware.rb:28:in `block in call'
web-console (4.2.0) lib/web_console/middleware.rb:17:in `catch'
web-console (4.2.0) lib/web_console/middleware.rb:17:in `call'
actionpack (7.0.4) lib/action_dispatch/middleware/show_exceptions.rb:26:in `call'
railties (7.0.4) lib/rails/rack/logger.rb:40:in `call_app'
railties (7.0.4) lib/rails/rack/logger.rb:25:in `block in call'
activesupport (7.0.4) lib/active_support/tagged_logging.rb:99:in `block in tagged'
activesupport (7.0.4) lib/active_support/tagged_logging.rb:37:in `tagged'
activesupport (7.0.4) lib/active_support/tagged_logging.rb:99:in `tagged'
railties (7.0.4) lib/rails/rack/logger.rb:25:in `call'
sprockets-rails (3.4.2) lib/sprockets/rails/quiet_assets.rb:13:in `call'
actionpack (7.0.4) lib/action_dispatch/middleware/remote_ip.rb:93:in `call'
actionpack (7.0.4) lib/action_dispatch/middleware/request_id.rb:26:in `call'
rack (2.2.4) lib/rack/method_override.rb:24:in `call'
rack (2.2.4) lib/rack/runtime.rb:22:in `call'
activesupport (7.0.4) lib/active_support/cache/strategy/local_cache_middleware.rb:29:in `call'
actionpack (7.0.4) lib/action_dispatch/middleware/server_timing.rb:61:in `block in call'
actionpack (7.0.4) lib/action_dispatch/middleware/server_timing.rb:26:in `collect_events'
actionpack (7.0.4) lib/action_dispatch/middleware/server_timing.rb:60:in `call'
actionpack (7.0.4) lib/action_dispatch/middleware/executor.rb:14:in `call'
actionpack (7.0.4) lib/action_dispatch/middleware/static.rb:23:in `call'
rack (2.2.4) lib/rack/sendfile.rb:110:in `call'
actionpack (7.0.4) lib/action_dispatch/middleware/host_authorization.rb:137:in `call'
railties (7.0.4) lib/rails/engine.rb:530:in `call'
puma (5.6.5) lib/puma/configuration.rb:252:in `call'
puma (5.6.5) lib/puma/request.rb:77:in `block in handle_request'
puma (5.6.5) lib/puma/thread_pool.rb:340:in `with_force_shutdown'
puma (5.6.5) lib/puma/request.rb:76:in `handle_request'
puma (5.6.5) lib/puma/server.rb:443:in `process_client'
puma (5.6.5) lib/puma/thread_pool.rb:147:in `block in spawn_thread'
Started GET "/" for 127.0.0.1 at 2022-10-17 22:35:01 +0000
  [1m[36mActiveRecord::SchemaMigration Pluck (0.1ms)[0m  [1m[34mSELECT "schema_migrations"."version" FROM "schema_migrations" ORDER BY "schema_migrations"."version" ASC[0m
  [1m[36mCACHE ActiveRecord::SchemaMigration Pluck (0.0ms)[0m  [1m[34mSELECT "schema_migrations"."version" FROM "schema_migrations" ORDER BY "schema_migrations"."version" ASC[0m
  
ActiveRecord::PendingMigrationError (

Migrations are pending. To resolve this issue, run:

        bin/rails db:migrate RAILS_ENV=development

You have 1 pending migration:

20221016194227_create_sharks.rb


):
  
activerecord (7.0.4) lib/active_record/migration.rb:627:in `check_pending!'
activerecord (7.0.4) lib/active_record/migration.rb:592:in `block (2 levels) in call'
activesupport (7.0.4) lib/active_support/file_update_checker.rb:83:in `execute'
activerecord (7.0.4) lib/active_record/migration.rb:597:in `block in call'
activerecord (7.0.4) lib/active_record/migration.rb:589:in `synchronize'
activerecord (7.0.4) lib/active_record/migration.rb:589:in `call'
actionpack (7.0.4) lib/action_dispatch/middleware/callbacks.rb:27:in `block in call'
activesupport (7.0.4) lib/active_support/callbacks.rb:99:in `run_callbacks'
actionpack (7.0.4) lib/action_dispatch/middleware/callbacks.rb:26:in `call'
actionpack (7.0.4) lib/action_dispatch/middleware/executor.rb:14:in `call'
actionpack (7.0.4) lib/action_dispatch/middleware/actionable_exceptions.rb:17:in `call'
actionpack (7.0.4) lib/action_dispatch/middleware/debug_exceptions.rb:28:in `call'
web-console (4.2.0) lib/web_console/middleware.rb:132:in `call_app'
web-console (4.2.0) lib/web_console/middleware.rb:28:in `block in call'
web-console (4.2.0) lib/web_console/middleware.rb:17:in `catch'
web-console (4.2.0) lib/web_console/middleware.rb:17:in `call'
actionpack (7.0.4) lib/action_dispatch/middleware/show_exceptions.rb:26:in `call'
railties (7.0.4) lib/rails/rack/logger.rb:40:in `call_app'
railties (7.0.4) lib/rails/rack/logger.rb:25:in `block in call'
activesupport (7.0.4) lib/active_support/tagged_logging.rb:99:in `block in tagged'
activesupport (7.0.4) lib/active_support/tagged_logging.rb:37:in `tagged'
activesupport (7.0.4) lib/active_support/tagged_logging.rb:99:in `tagged'
railties (7.0.4) lib/rails/rack/logger.rb:25:in `call'
sprockets-rails (3.4.2) lib/sprockets/rails/quiet_assets.rb:13:in `call'
actionpack (7.0.4) lib/action_dispatch/middleware/remote_ip.rb:93:in `call'
actionpack (7.0.4) lib/action_dispatch/middleware/request_id.rb:26:in `call'
rack (2.2.4) lib/rack/method_override.rb:24:in `call'
rack (2.2.4) lib/rack/runtime.rb:22:in `call'
activesupport (7.0.4) lib/active_support/cache/strategy/local_cache_middleware.rb:29:in `call'
actionpack (7.0.4) lib/action_dispatch/middleware/server_timing.rb:61:in `block in call'
actionpack (7.0.4) lib/action_dispatch/middleware/server_timing.rb:26:in `collect_events'
actionpack (7.0.4) lib/action_dispatch/middleware/server_timing.rb:60:in `call'
actionpack (7.0.4) lib/action_dispatch/middleware/executor.rb:14:in `call'
actionpack (7.0.4) lib/action_dispatch/middleware/static.rb:23:in `call'
rack (2.2.4) lib/rack/sendfile.rb:110:in `call'
actionpack (7.0.4) lib/action_dispatch/middleware/host_authorization.rb:137:in `call'
railties (7.0.4) lib/rails/engine.rb:530:in `call'
puma (5.6.5) lib/puma/configuration.rb:252:in `call'
puma (5.6.5) lib/puma/request.rb:77:in `block in handle_request'
puma (5.6.5) lib/puma/thread_pool.rb:340:in `with_force_shutdown'
puma (5.6.5) lib/puma/request.rb:76:in `handle_request'
puma (5.6.5) lib/puma/server.rb:443:in `process_client'
puma (5.6.5) lib/puma/thread_pool.rb:147:in `block in spawn_thread'
Started GET "/" for 127.0.0.1 at 2022-10-18 00:19:45 +0000
  [1m[36mActiveRecord::SchemaMigration Pluck (0.1ms)[0m  [1m[34mSELECT "schema_migrations"."version" FROM "schema_migrations" ORDER BY "schema_migrations"."version" ASC[0m
  [1m[36mCACHE ActiveRecord::SchemaMigration Pluck (0.0ms)[0m  [1m[34mSELECT "schema_migrations"."version" FROM "schema_migrations" ORDER BY "schema_migrations"."version" ASC[0m
  
ActiveRecord::PendingMigrationError (

Migrations are pending. To resolve this issue, run:

        bin/rails db:migrate RAILS_ENV=development

You have 1 pending migration:

20221016194227_create_sharks.rb


):
  
activerecord (7.0.4) lib/active_record/migration.rb:627:in `check_pending!'
activerecord (7.0.4) lib/active_record/migration.rb:592:in `block (2 levels) in call'
activesupport (7.0.4) lib/active_support/file_update_checker.rb:83:in `execute'
activerecord (7.0.4) lib/active_record/migration.rb:597:in `block in call'
activerecord (7.0.4) lib/active_record/migration.rb:589:in `synchronize'
activerecord (7.0.4) lib/active_record/migration.rb:589:in `call'
actionpack (7.0.4) lib/action_dispatch/middleware/callbacks.rb:27:in `block in call'
activesupport (7.0.4) lib/active_support/callbacks.rb:99:in `run_callbacks'
actionpack (7.0.4) lib/action_dispatch/middleware/callbacks.rb:26:in `call'
actionpack (7.0.4) lib/action_dispatch/middleware/executor.rb:14:in `call'
actionpack (7.0.4) lib/action_dispatch/middleware/actionable_exceptions.rb:17:in `call'
actionpack (7.0.4) lib/action_dispatch/middleware/debug_exceptions.rb:28:in `call'
web-console (4.2.0) lib/web_console/middleware.rb:132:in `call_app'
web-console (4.2.0) lib/web_console/middleware.rb:28:in `block in call'
web-console (4.2.0) lib/web_console/middleware.rb:17:in `catch'
web-console (4.2.0) lib/web_console/middleware.rb:17:in `call'
actionpack (7.0.4) lib/action_dispatch/middleware/show_exceptions.rb:26:in `call'
railties (7.0.4) lib/rails/rack/logger.rb:40:in `call_app'
railties (7.0.4) lib/rails/rack/logger.rb:25:in `block in call'
activesupport (7.0.4) lib/active_support/tagged_logging.rb:99:in `block in tagged'
activesupport (7.0.4) lib/active_support/tagged_logging.rb:37:in `tagged'
activesupport (7.0.4) lib/active_support/tagged_logging.rb:99:in `tagged'
railties (7.0.4) lib/rails/rack/logger.rb:25:in `call'
sprockets-rails (3.4.2) lib/sprockets/rails/quiet_assets.rb:13:in `call'
actionpack (7.0.4) lib/action_dispatch/middleware/remote_ip.rb:93:in `call'
actionpack (7.0.4) lib/action_dispatch/middleware/request_id.rb:26:in `call'
rack (2.2.4) lib/rack/method_override.rb:24:in `call'
rack (2.2.4) lib/rack/runtime.rb:22:in `call'
activesupport (7.0.4) lib/active_support/cache/strategy/local_cache_middleware.rb:29:in `call'
actionpack (7.0.4) lib/action_dispatch/middleware/server_timing.rb:61:in `block in call'
actionpack (7.0.4) lib/action_dispatch/middleware/server_timing.rb:26:in `collect_events'
actionpack (7.0.4) lib/action_dispatch/middleware/server_timing.rb:60:in `call'
actionpack (7.0.4) lib/action_dispatch/middleware/executor.rb:14:in `call'
actionpack (7.0.4) lib/action_dispatch/middleware/static.rb:23:in `call'
rack (2.2.4) lib/rack/sendfile.rb:110:in `call'
actionpack (7.0.4) lib/action_dispatch/middleware/host_authorization.rb:137:in `call'
opentelemetry-instrumentation-rack (0.20.1) lib/opentelemetry/instrumentation/rack/middlewares/tracer_middleware.rb:83:in `block (3 levels) in call'
opentelemetry-instrumentation-rack (0.20.1) lib/opentelemetry/instrumentation/rack.rb:46:in `block in with_span'
opentelemetry-api (1.0.2) lib/opentelemetry/context.rb:87:in `with_value'
opentelemetry-instrumentation-rack (0.20.1) lib/opentelemetry/instrumentation/rack.rb:46:in `with_span'
opentelemetry-instrumentation-rack (0.20.1) lib/opentelemetry/instrumentation/rack/middlewares/tracer_middleware.rb:82:in `block (2 levels) in call'
opentelemetry-api (1.0.2) lib/opentelemetry/trace/tracer.rb:29:in `block in in_span'
opentelemetry-api (1.0.2) lib/opentelemetry/trace.rb:82:in `block in with_span'
opentelemetry-api (1.0.2) lib/opentelemetry/context.rb:87:in `with_value'
opentelemetry-api (1.0.2) lib/opentelemetry/trace.rb:82:in `with_span'
opentelemetry-api (1.0.2) lib/opentelemetry/trace/tracer.rb:29:in `in_span'
opentelemetry-instrumentation-rack (0.20.1) lib/opentelemetry/instrumentation/rack/middlewares/tracer_middleware.rb:79:in `block in call'
opentelemetry-api (1.0.2) lib/opentelemetry/context.rb:71:in `with_current'
opentelemetry-instrumentation-rack (0.20.1) lib/opentelemetry/instrumentation/rack/middlewares/tracer_middleware.rb:76:in `call'
railties (7.0.4) lib/rails/engine.rb:530:in `call'
puma (5.6.5) lib/puma/configuration.rb:252:in `call'
puma (5.6.5) lib/puma/request.rb:77:in `block in handle_request'
puma (5.6.5) lib/puma/thread_pool.rb:340:in `with_force_shutdown'
puma (5.6.5) lib/puma/request.rb:76:in `handle_request'
puma (5.6.5) lib/puma/server.rb:443:in `process_client'
puma (5.6.5) lib/puma/thread_pool.rb:147:in `block in spawn_thread'
Started GET "/" for 127.0.0.1 at 2022-10-18 00:19:48 +0000
  [1m[36mActiveRecord::SchemaMigration Pluck (0.1ms)[0m  [1m[34mSELECT "schema_migrations"."version" FROM "schema_migrations" ORDER BY "schema_migrations"."version" ASC[0m
  [1m[36mCACHE ActiveRecord::SchemaMigration Pluck (0.0ms)[0m  [1m[34mSELECT "schema_migrations"."version" FROM "schema_migrations" ORDER BY "schema_migrations"."version" ASC[0m
  
ActiveRecord::PendingMigrationError (

Migrations are pending. To resolve this issue, run:

        bin/rails db:migrate RAILS_ENV=development

You have 1 pending migration:

20221016194227_create_sharks.rb


):
  
activerecord (7.0.4) lib/active_record/migration.rb:627:in `check_pending!'
activerecord (7.0.4) lib/active_record/migration.rb:592:in `block (2 levels) in call'
activesupport (7.0.4) lib/active_support/file_update_checker.rb:83:in `execute'
activerecord (7.0.4) lib/active_record/migration.rb:597:in `block in call'
activerecord (7.0.4) lib/active_record/migration.rb:589:in `synchronize'
activerecord (7.0.4) lib/active_record/migration.rb:589:in `call'
actionpack (7.0.4) lib/action_dispatch/middleware/callbacks.rb:27:in `block in call'
activesupport (7.0.4) lib/active_support/callbacks.rb:99:in `run_callbacks'
actionpack (7.0.4) lib/action_dispatch/middleware/callbacks.rb:26:in `call'
actionpack (7.0.4) lib/action_dispatch/middleware/executor.rb:14:in `call'
actionpack (7.0.4) lib/action_dispatch/middleware/actionable_exceptions.rb:17:in `call'
actionpack (7.0.4) lib/action_dispatch/middleware/debug_exceptions.rb:28:in `call'
web-console (4.2.0) lib/web_console/middleware.rb:132:in `call_app'
web-console (4.2.0) lib/web_console/middleware.rb:28:in `block in call'
web-console (4.2.0) lib/web_console/middleware.rb:17:in `catch'
web-console (4.2.0) lib/web_console/middleware.rb:17:in `call'
actionpack (7.0.4) lib/action_dispatch/middleware/show_exceptions.rb:26:in `call'
railties (7.0.4) lib/rails/rack/logger.rb:40:in `call_app'
railties (7.0.4) lib/rails/rack/logger.rb:25:in `block in call'
activesupport (7.0.4) lib/active_support/tagged_logging.rb:99:in `block in tagged'
activesupport (7.0.4) lib/active_support/tagged_logging.rb:37:in `tagged'
activesupport (7.0.4) lib/active_support/tagged_logging.rb:99:in `tagged'
railties (7.0.4) lib/rails/rack/logger.rb:25:in `call'
sprockets-rails (3.4.2) lib/sprockets/rails/quiet_assets.rb:13:in `call'
actionpack (7.0.4) lib/action_dispatch/middleware/remote_ip.rb:93:in `call'
actionpack (7.0.4) lib/action_dispatch/middleware/request_id.rb:26:in `call'
rack (2.2.4) lib/rack/method_override.rb:24:in `call'
rack (2.2.4) lib/rack/runtime.rb:22:in `call'
activesupport (7.0.4) lib/active_support/cache/strategy/local_cache_middleware.rb:29:in `call'
actionpack (7.0.4) lib/action_dispatch/middleware/server_timing.rb:61:in `block in call'
actionpack (7.0.4) lib/action_dispatch/middleware/server_timing.rb:26:in `collect_events'
actionpack (7.0.4) lib/action_dispatch/middleware/server_timing.rb:60:in `call'
actionpack (7.0.4) lib/action_dispatch/middleware/executor.rb:14:in `call'
actionpack (7.0.4) lib/action_dispatch/middleware/static.rb:23:in `call'
rack (2.2.4) lib/rack/sendfile.rb:110:in `call'
actionpack (7.0.4) lib/action_dispatch/middleware/host_authorization.rb:137:in `call'
opentelemetry-instrumentation-rack (0.20.1) lib/opentelemetry/instrumentation/rack/middlewares/tracer_middleware.rb:83:in `block (3 levels) in call'
opentelemetry-instrumentation-rack (0.20.1) lib/opentelemetry/instrumentation/rack.rb:46:in `block in with_span'
opentelemetry-api (1.0.2) lib/opentelemetry/context.rb:87:in `with_value'
opentelemetry-instrumentation-rack (0.20.1) lib/opentelemetry/instrumentation/rack.rb:46:in `with_span'
opentelemetry-instrumentation-rack (0.20.1) lib/opentelemetry/instrumentation/rack/middlewares/tracer_middleware.rb:82:in `block (2 levels) in call'
opentelemetry-api (1.0.2) lib/opentelemetry/trace/tracer.rb:29:in `block in in_span'
opentelemetry-api (1.0.2) lib/opentelemetry/trace.rb:82:in `block in with_span'
opentelemetry-api (1.0.2) lib/opentelemetry/context.rb:87:in `with_value'
opentelemetry-api (1.0.2) lib/opentelemetry/trace.rb:82:in `with_span'
opentelemetry-api (1.0.2) lib/opentelemetry/trace/tracer.rb:29:in `in_span'
opentelemetry-instrumentation-rack (0.20.1) lib/opentelemetry/instrumentation/rack/middlewares/tracer_middleware.rb:79:in `block in call'
opentelemetry-api (1.0.2) lib/opentelemetry/context.rb:71:in `with_current'
opentelemetry-instrumentation-rack (0.20.1) lib/opentelemetry/instrumentation/rack/middlewares/tracer_middleware.rb:76:in `call'
railties (7.0.4) lib/rails/engine.rb:530:in `call'
puma (5.6.5) lib/puma/configuration.rb:252:in `call'
puma (5.6.5) lib/puma/request.rb:77:in `block in handle_request'
puma (5.6.5) lib/puma/thread_pool.rb:340:in `with_force_shutdown'
puma (5.6.5) lib/puma/request.rb:76:in `handle_request'
puma (5.6.5) lib/puma/server.rb:443:in `process_client'
puma (5.6.5) lib/puma/thread_pool.rb:147:in `block in spawn_thread'
Started GET "/" for 127.0.0.1 at 2022-10-18 00:19:49 +0000
  [1m[36mActiveRecord::SchemaMigration Pluck (0.1ms)[0m  [1m[34mSELECT "schema_migrations"."version" FROM "schema_migrations" ORDER BY "schema_migrations"."version" ASC[0m
  [1m[36mCACHE ActiveRecord::SchemaMigration Pluck (0.0ms)[0m  [1m[34mSELECT "schema_migrations"."version" FROM "schema_migrations" ORDER BY "schema_migrations"."version" ASC[0m
  
ActiveRecord::PendingMigrationError (

Migrations are pending. To resolve this issue, run:

        bin/rails db:migrate RAILS_ENV=development

You have 1 pending migration:

20221016194227_create_sharks.rb


):
  
activerecord (7.0.4) lib/active_record/migration.rb:627:in `check_pending!'
activerecord (7.0.4) lib/active_record/migration.rb:592:in `block (2 levels) in call'
activesupport (7.0.4) lib/active_support/file_update_checker.rb:83:in `execute'
activerecord (7.0.4) lib/active_record/migration.rb:597:in `block in call'
activerecord (7.0.4) lib/active_record/migration.rb:589:in `synchronize'
activerecord (7.0.4) lib/active_record/migration.rb:589:in `call'
actionpack (7.0.4) lib/action_dispatch/middleware/callbacks.rb:27:in `block in call'
activesupport (7.0.4) lib/active_support/callbacks.rb:99:in `run_callbacks'
actionpack (7.0.4) lib/action_dispatch/middleware/callbacks.rb:26:in `call'
actionpack (7.0.4) lib/action_dispatch/middleware/executor.rb:14:in `call'
actionpack (7.0.4) lib/action_dispatch/middleware/actionable_exceptions.rb:17:in `call'
actionpack (7.0.4) lib/action_dispatch/middleware/debug_exceptions.rb:28:in `call'
web-console (4.2.0) lib/web_console/middleware.rb:132:in `call_app'
web-console (4.2.0) lib/web_console/middleware.rb:28:in `block in call'
web-console (4.2.0) lib/web_console/middleware.rb:17:in `catch'
web-console (4.2.0) lib/web_console/middleware.rb:17:in `call'
actionpack (7.0.4) lib/action_dispatch/middleware/show_exceptions.rb:26:in `call'
railties (7.0.4) lib/rails/rack/logger.rb:40:in `call_app'
railties (7.0.4) lib/rails/rack/logger.rb:25:in `block in call'
activesupport (7.0.4) lib/active_support/tagged_logging.rb:99:in `block in tagged'
activesupport (7.0.4) lib/active_support/tagged_logging.rb:37:in `tagged'
activesupport (7.0.4) lib/active_support/tagged_logging.rb:99:in `tagged'
railties (7.0.4) lib/rails/rack/logger.rb:25:in `call'
sprockets-rails (3.4.2) lib/sprockets/rails/quiet_assets.rb:13:in `call'
actionpack (7.0.4) lib/action_dispatch/middleware/remote_ip.rb:93:in `call'
actionpack (7.0.4) lib/action_dispatch/middleware/request_id.rb:26:in `call'
rack (2.2.4) lib/rack/method_override.rb:24:in `call'
rack (2.2.4) lib/rack/runtime.rb:22:in `call'
activesupport (7.0.4) lib/active_support/cache/strategy/local_cache_middleware.rb:29:in `call'
actionpack (7.0.4) lib/action_dispatch/middleware/server_timing.rb:61:in `block in call'
actionpack (7.0.4) lib/action_dispatch/middleware/server_timing.rb:26:in `collect_events'
actionpack (7.0.4) lib/action_dispatch/middleware/server_timing.rb:60:in `call'
actionpack (7.0.4) lib/action_dispatch/middleware/executor.rb:14:in `call'
actionpack (7.0.4) lib/action_dispatch/middleware/static.rb:23:in `call'
rack (2.2.4) lib/rack/sendfile.rb:110:in `call'
actionpack (7.0.4) lib/action_dispatch/middleware/host_authorization.rb:137:in `call'
opentelemetry-instrumentation-rack (0.20.1) lib/opentelemetry/instrumentation/rack/middlewares/tracer_middleware.rb:83:in `block (3 levels) in call'
opentelemetry-instrumentation-rack (0.20.1) lib/opentelemetry/instrumentation/rack.rb:46:in `block in with_span'
opentelemetry-api (1.0.2) lib/opentelemetry/context.rb:87:in `with_value'
opentelemetry-instrumentation-rack (0.20.1) lib/opentelemetry/instrumentation/rack.rb:46:in `with_span'
opentelemetry-instrumentation-rack (0.20.1) lib/opentelemetry/instrumentation/rack/middlewares/tracer_middleware.rb:82:in `block (2 levels) in call'
opentelemetry-api (1.0.2) lib/opentelemetry/trace/tracer.rb:29:in `block in in_span'
opentelemetry-api (1.0.2) lib/opentelemetry/trace.rb:82:in `block in with_span'
opentelemetry-api (1.0.2) lib/opentelemetry/context.rb:87:in `with_value'
opentelemetry-api (1.0.2) lib/opentelemetry/trace.rb:82:in `with_span'
opentelemetry-api (1.0.2) lib/opentelemetry/trace/tracer.rb:29:in `in_span'
opentelemetry-instrumentation-rack (0.20.1) lib/opentelemetry/instrumentation/rack/middlewares/tracer_middleware.rb:79:in `block in call'
opentelemetry-api (1.0.2) lib/opentelemetry/context.rb:71:in `with_current'
opentelemetry-instrumentation-rack (0.20.1) lib/opentelemetry/instrumentation/rack/middlewares/tracer_middleware.rb:76:in `call'
railties (7.0.4) lib/rails/engine.rb:530:in `call'
puma (5.6.5) lib/puma/configuration.rb:252:in `call'
puma (5.6.5) lib/puma/request.rb:77:in `block in handle_request'
puma (5.6.5) lib/puma/thread_pool.rb:340:in `with_force_shutdown'
puma (5.6.5) lib/puma/request.rb:76:in `handle_request'
puma (5.6.5) lib/puma/server.rb:443:in `process_client'
puma (5.6.5) lib/puma/thread_pool.rb:147:in `block in spawn_thread'
Started GET "/" for 127.0.0.1 at 2022-10-18 00:25:48 +0000
  [1m[36mActiveRecord::SchemaMigration Pluck (0.1ms)[0m  [1m[34mSELECT "schema_migrations"."version" FROM "schema_migrations" ORDER BY "schema_migrations"."version" ASC[0m
  [1m[36mCACHE ActiveRecord::SchemaMigration Pluck (0.0ms)[0m  [1m[34mSELECT "schema_migrations"."version" FROM "schema_migrations" ORDER BY "schema_migrations"."version" ASC[0m
  
ActiveRecord::PendingMigrationError (

Migrations are pending. To resolve this issue, run:

        bin/rails db:migrate RAILS_ENV=development

You have 1 pending migration:

20221016194227_create_sharks.rb


):
  
activerecord (7.0.4) lib/active_record/migration.rb:627:in `check_pending!'
activerecord (7.0.4) lib/active_record/migration.rb:592:in `block (2 levels) in call'
activesupport (7.0.4) lib/active_support/file_update_checker.rb:83:in `execute'
activerecord (7.0.4) lib/active_record/migration.rb:597:in `block in call'
activerecord (7.0.4) lib/active_record/migration.rb:589:in `synchronize'
activerecord (7.0.4) lib/active_record/migration.rb:589:in `call'
actionpack (7.0.4) lib/action_dispatch/middleware/callbacks.rb:27:in `block in call'
activesupport (7.0.4) lib/active_support/callbacks.rb:99:in `run_callbacks'
actionpack (7.0.4) lib/action_dispatch/middleware/callbacks.rb:26:in `call'
actionpack (7.0.4) lib/action_dispatch/middleware/executor.rb:14:in `call'
actionpack (7.0.4) lib/action_dispatch/middleware/actionable_exceptions.rb:17:in `call'
actionpack (7.0.4) lib/action_dispatch/middleware/debug_exceptions.rb:28:in `call'
web-console (4.2.0) lib/web_console/middleware.rb:132:in `call_app'
web-console (4.2.0) lib/web_console/middleware.rb:28:in `block in call'
web-console (4.2.0) lib/web_console/middleware.rb:17:in `catch'
web-console (4.2.0) lib/web_console/middleware.rb:17:in `call'
actionpack (7.0.4) lib/action_dispatch/middleware/show_exceptions.rb:26:in `call'
railties (7.0.4) lib/rails/rack/logger.rb:40:in `call_app'
railties (7.0.4) lib/rails/rack/logger.rb:25:in `block in call'
activesupport (7.0.4) lib/active_support/tagged_logging.rb:99:in `block in tagged'
activesupport (7.0.4) lib/active_support/tagged_logging.rb:37:in `tagged'
activesupport (7.0.4) lib/active_support/tagged_logging.rb:99:in `tagged'
railties (7.0.4) lib/rails/rack/logger.rb:25:in `call'
sprockets-rails (3.4.2) lib/sprockets/rails/quiet_assets.rb:13:in `call'
actionpack (7.0.4) lib/action_dispatch/middleware/remote_ip.rb:93:in `call'
actionpack (7.0.4) lib/action_dispatch/middleware/request_id.rb:26:in `call'
rack (2.2.4) lib/rack/method_override.rb:24:in `call'
rack (2.2.4) lib/rack/runtime.rb:22:in `call'
activesupport (7.0.4) lib/active_support/cache/strategy/local_cache_middleware.rb:29:in `call'
actionpack (7.0.4) lib/action_dispatch/middleware/server_timing.rb:61:in `block in call'
actionpack (7.0.4) lib/action_dispatch/middleware/server_timing.rb:26:in `collect_events'
actionpack (7.0.4) lib/action_dispatch/middleware/server_timing.rb:60:in `call'
actionpack (7.0.4) lib/action_dispatch/middleware/executor.rb:14:in `call'
actionpack (7.0.4) lib/action_dispatch/middleware/static.rb:23:in `call'
rack (2.2.4) lib/rack/sendfile.rb:110:in `call'
actionpack (7.0.4) lib/action_dispatch/middleware/host_authorization.rb:137:in `call'
opentelemetry-instrumentation-rack (0.20.1) lib/opentelemetry/instrumentation/rack/middlewares/tracer_middleware.rb:83:in `block (3 levels) in call'
opentelemetry-instrumentation-rack (0.20.1) lib/opentelemetry/instrumentation/rack.rb:46:in `block in with_span'
opentelemetry-api (1.0.2) lib/opentelemetry/context.rb:87:in `with_value'
opentelemetry-instrumentation-rack (0.20.1) lib/opentelemetry/instrumentation/rack.rb:46:in `with_span'
opentelemetry-instrumentation-rack (0.20.1) lib/opentelemetry/instrumentation/rack/middlewares/tracer_middleware.rb:82:in `block (2 levels) in call'
opentelemetry-api (1.0.2) lib/opentelemetry/trace/tracer.rb:29:in `block in in_span'
opentelemetry-api (1.0.2) lib/opentelemetry/trace.rb:82:in `block in with_span'
opentelemetry-api (1.0.2) lib/opentelemetry/context.rb:87:in `with_value'
opentelemetry-api (1.0.2) lib/opentelemetry/trace.rb:82:in `with_span'
opentelemetry-api (1.0.2) lib/opentelemetry/trace/tracer.rb:29:in `in_span'
opentelemetry-instrumentation-rack (0.20.1) lib/opentelemetry/instrumentation/rack/middlewares/tracer_middleware.rb:79:in `block in call'
opentelemetry-api (1.0.2) lib/opentelemetry/context.rb:71:in `with_current'
opentelemetry-instrumentation-rack (0.20.1) lib/opentelemetry/instrumentation/rack/middlewares/tracer_middleware.rb:76:in `call'
railties (7.0.4) lib/rails/engine.rb:530:in `call'
puma (5.6.5) lib/puma/configuration.rb:252:in `call'
puma (5.6.5) lib/puma/request.rb:77:in `block in handle_request'
puma (5.6.5) lib/puma/thread_pool.rb:340:in `with_force_shutdown'
puma (5.6.5) lib/puma/request.rb:76:in `handle_request'
puma (5.6.5) lib/puma/server.rb:443:in `process_client'
puma (5.6.5) lib/puma/thread_pool.rb:147:in `block in spawn_thread'
  [1m[36mActiveRecord::SchemaMigration Pluck (0.1ms)[0m  [1m[34mSELECT "schema_migrations"."version" FROM "schema_migrations" ORDER BY "schema_migrations"."version" ASC[0m
Migrating to CreateSharks (20221016194227)
  [1m[36mTRANSACTION (0.0ms)[0m  [1m[36mbegin transaction[0m
  [1m[35m (0.3ms)[0m  [1m[35mCREATE TABLE "sharks" ("id" integer PRIMARY KEY AUTOINCREMENT NOT NULL, "name" varchar, "facts" text, "created_at" datetime(6) NOT NULL, "updated_at" datetime(6) NOT NULL)[0m
  [1m[36mActiveRecord::SchemaMigration Create (0.1ms)[0m  [1m[32mINSERT INTO "schema_migrations" ("version") VALUES (?)[0m  [["version", "20221016194227"]]
  [1m[36mTRANSACTION (28.4ms)[0m  [1m[36mcommit transaction[0m
  [1m[36mActiveRecord::InternalMetadata Load (0.1ms)[0m  [1m[34mSELECT "ar_internal_metadata".* FROM "ar_internal_metadata" WHERE "ar_internal_metadata"."key" = ? LIMIT ?[0m  [["key", "environment"], ["LIMIT", 1]]
  [1m[36mTRANSACTION (0.0ms)[0m  [1m[36mbegin transaction[0m
  [1m[36mActiveRecord::InternalMetadata Create (0.2ms)[0m  [1m[32mINSERT INTO "ar_internal_metadata" ("key", "value", "created_at", "updated_at") VALUES (?, ?, ?, ?)[0m  [["key", "environment"], ["value", "development"], ["created_at", "2022-10-18 00:26:41.282692"], ["updated_at", "2022-10-18 00:26:41.282692"]]
  [1m[36mTRANSACTION (25.7ms)[0m  [1m[36mcommit transaction[0m
  [1m[36mActiveRecord::SchemaMigration Pluck (0.1ms)[0m  [1m[34mSELECT "schema_migrations"."version" FROM "schema_migrations" ORDER BY "schema_migrations"."version" ASC[0m
Started GET "/" for 127.0.0.1 at 2022-10-18 00:27:03 +0000
  [1m[36mActiveRecord::SchemaMigration Pluck (0.1ms)[0m  [1m[34mSELECT "schema_migrations"."version" FROM "schema_migrations" ORDER BY "schema_migrations"."version" ASC[0m
Processing by Rails::WelcomeController#index as */*
  Rendering /home/azureuser/.rvm/gems/ruby-3.0.0/gems/railties-7.0.4/lib/rails/templates/rails/welcome/index.html.erb
  Rendered /home/azureuser/.rvm/gems/ruby-3.0.0/gems/railties-7.0.4/lib/rails/templates/rails/welcome/index.html.erb (Duration: 1.3ms | Allocations: 659)
Completed 200 OK in 8ms (Views: 3.5ms | ActiveRecord: 0.0ms | Allocations: 5877)


Started GET "/" for 127.0.0.1 at 2022-10-18 00:34:18 +0000
  [1m[36mActiveRecord::SchemaMigration Pluck (0.1ms)[0m  [1m[34mSELECT "schema_migrations"."version" FROM "schema_migrations" ORDER BY "schema_migrations"."version" ASC[0m
Processing by Rails::WelcomeController#index as */*
  Rendering /home/azureuser/.rvm/gems/ruby-3.0.0/gems/railties-7.0.4/lib/rails/templates/rails/welcome/index.html.erb
  Rendered /home/azureuser/.rvm/gems/ruby-3.0.0/gems/railties-7.0.4/lib/rails/templates/rails/welcome/index.html.erb (Duration: 1.2ms | Allocations: 659)
Completed 200 OK in 9ms (Views: 3.5ms | ActiveRecord: 0.0ms | Allocations: 5877)


Started GET "/" for 127.0.0.1 at 2022-10-18 02:16:56 +0000
  [1m[36mActiveRecord::SchemaMigration Pluck (0.2ms)[0m  [1m[34mSELECT "schema_migrations"."version" FROM "schema_migrations" ORDER BY "schema_migrations"."version" ASC[0m
Processing by Rails::WelcomeController#index as */*
  Rendering /home/azureuser/.rvm/gems/ruby-3.0.0/gems/railties-7.0.4/lib/rails/templates/rails/welcome/index.html.erb
  Rendered /home/azureuser/.rvm/gems/ruby-3.0.0/gems/railties-7.0.4/lib/rails/templates/rails/welcome/index.html.erb (Duration: 1.2ms | Allocations: 659)
Completed 200 OK in 9ms (Views: 3.6ms | ActiveRecord: 0.0ms | Allocations: 5877)


Started GET "/" for 127.0.0.1 at 2022-10-18 02:31:45 +0000
  [1m[36mActiveRecord::SchemaMigration Pluck (0.1ms)[0m  [1m[34mSELECT "schema_migrations"."version" FROM "schema_migrations" ORDER BY "schema_migrations"."version" ASC[0m
Processing by Rails::WelcomeController#index as */*
  Rendering /home/azureuser/.rvm/gems/ruby-3.0.0/gems/railties-7.0.4/lib/rails/templates/rails/welcome/index.html.erb
  Rendered /home/azureuser/.rvm/gems/ruby-3.0.0/gems/railties-7.0.4/lib/rails/templates/rails/welcome/index.html.erb (Duration: 1.3ms | Allocations: 659)
Completed 200 OK in 9ms (Views: 3.7ms | ActiveRecord: 0.0ms | Allocations: 5877)


Started GET "/" for 98.97.60.142 at 2022-10-18 20:24:43 +0000
Cannot render console from 98.97.60.142! Allowed networks: 127.0.0.0/127.255.255.255, ::1
  [1m[36mActiveRecord::SchemaMigration Pluck (0.2ms)[0m  [1m[34mSELECT "schema_migrations"."version" FROM "schema_migrations" ORDER BY "schema_migrations"."version" ASC[0m
Processing by Rails::WelcomeController#index as HTML
  Rendering /home/azureuser/.rvm/gems/ruby-3.0.0/gems/railties-7.0.4/lib/rails/templates/rails/welcome/index.html.erb
  Rendered /home/azureuser/.rvm/gems/ruby-3.0.0/gems/railties-7.0.4/lib/rails/templates/rails/welcome/index.html.erb (Duration: 1.3ms | Allocations: 659)
Completed 200 OK in 9ms (Views: 3.9ms | ActiveRecord: 0.0ms | Allocations: 5836)


Started GET "/" for 98.97.60.142 at 2022-10-18 20:31:16 +0000
Cannot render console from 98.97.60.142! Allowed networks: 127.0.0.0/127.255.255.255, ::1
  [1m[36mActiveRecord::SchemaMigration Pluck (0.2ms)[0m  [1m[34mSELECT "schema_migrations"."version" FROM "schema_migrations" ORDER BY "schema_migrations"."version" ASC[0m
Processing by SharksController#index as HTML
  Rendering layout layouts/application.html.erb
  Rendering sharks/index.html.erb within layouts/application
  [1m[36mShark Load (0.2ms)[0m  [1m[34mSELECT "sharks".* FROM "sharks"[0m
  ↳ app/views/sharks/index.html.erb:6
  Rendered sharks/index.html.erb within layouts/application (Duration: 5.5ms | Allocations: 1449)
  Rendered layout layouts/application.html.erb (Duration: 310.7ms | Allocations: 88313)
Completed 200 OK in 321ms (Views: 313.3ms | ActiveRecord: 0.2ms | Allocations: 94281)


Started GET "/sharks/new" for 98.97.60.142 at 2022-10-18 20:31:20 +0000
Cannot render console from 98.97.60.142! Allowed networks: 127.0.0.0/127.255.255.255, ::1
Processing by SharksController#new as HTML
  Rendering layout layouts/application.html.erb
  Rendering sharks/new.html.erb within layouts/application
  Rendered sharks/_form.html.erb (Duration: 10.3ms | Allocations: 5611)
  Rendered sharks/new.html.erb within layouts/application (Duration: 11.4ms | Allocations: 5951)
  Rendered layout layouts/application.html.erb (Duration: 14.4ms | Allocations: 8145)
Completed 200 OK in 28ms (Views: 15.1ms | ActiveRecord: 0.5ms | Allocations: 23701)


Started POST "/sharks" for 98.97.60.142 at 2022-10-18 20:32:01 +0000
Cannot render console from 98.97.60.142! Allowed networks: 127.0.0.0/127.255.255.255, ::1
Processing by SharksController#create as TURBO_STREAM
  Parameters: {"authenticity_token"=>"[FILTERED]", "shark"=>{"name"=>"reef shark", "facts"=>"lives around reefs"}, "commit"=>"Create Shark"}
  [1m[36mTRANSACTION (0.1ms)[0m  [1m[36mbegin transaction[0m
  ↳ app/controllers/sharks_controller.rb:27:in `block in create'
  [1m[36mShark Create (0.3ms)[0m  [1m[32mINSERT INTO "sharks" ("name", "facts", "created_at", "updated_at") VALUES (?, ?, ?, ?)[0m  [["name", "reef shark"], ["facts", "lives around reefs"], ["created_at", "2022-10-18 20:32:01.367870"], ["updated_at", "2022-10-18 20:32:01.367870"]]
  ↳ app/controllers/sharks_controller.rb:27:in `block in create'
  [1m[36mTRANSACTION (215.1ms)[0m  [1m[36mcommit transaction[0m
  ↳ app/controllers/sharks_controller.rb:27:in `block in create'
Redirected to http://20.114.63.133:3000/sharks/1
Completed 302 Found in 222ms (ActiveRecord: 215.5ms | Allocations: 3416)


Started GET "/sharks/1" for 98.97.60.142 at 2022-10-18 20:32:01 +0000
Cannot render console from 98.97.60.142! Allowed networks: 127.0.0.0/127.255.255.255, ::1
Processing by SharksController#show as TURBO_STREAM
  Parameters: {"id"=>"1"}
  [1m[36mShark Load (0.2ms)[0m  [1m[34mSELECT "sharks".* FROM "sharks" WHERE "sharks"."id" = ? LIMIT ?[0m  [["id", 1], ["LIMIT", 1]]
  ↳ app/controllers/sharks_controller.rb:63:in `set_shark'
  Rendering layout layouts/application.html.erb
  Rendering sharks/show.html.erb within layouts/application
  Rendered sharks/_shark.html.erb (Duration: 0.5ms | Allocations: 205)
  Rendered sharks/show.html.erb within layouts/application (Duration: 3.5ms | Allocations: 1422)
  Rendered layout layouts/application.html.erb (Duration: 6.1ms | Allocations: 3603)
Completed 200 OK in 11ms (Views: 6.7ms | ActiveRecord: 0.2ms | Allocations: 6546)


Started GET "/" for 127.0.0.1 at 2023-01-30 19:04:30 +0000
  [1m[36mActiveRecord::SchemaMigration Pluck (0.1ms)[0m  [1m[34mSELECT "schema_migrations"."version" FROM "schema_migrations" ORDER BY "schema_migrations"."version" ASC[0m
Processing by SharksController#index as */*
  Rendering layout layouts/application.html.erb
  Rendering sharks/index.html.erb within layouts/application
  [1m[36mShark Load (0.2ms)[0m  [1m[34mSELECT "sharks".* FROM "sharks"[0m
  ↳ app/views/sharks/index.html.erb:6
  Rendered sharks/_shark.html.erb (Duration: 0.6ms | Allocations: 257)
  Rendered sharks/index.html.erb within layouts/application (Duration: 16.5ms | Allocations: 17368)
  Rendered layout layouts/application.html.erb (Duration: 59.3ms | Allocations: 51217)
Completed 200 OK in 69ms (Views: 61.4ms | ActiveRecord: 0.6ms | Allocations: 57261)


Started GET "/" for 127.0.0.1 at 2023-01-30 19:04:35 +0000
Processing by SharksController#index as */*
  Rendering layout layouts/application.html.erb
  Rendering sharks/index.html.erb within layouts/application
  [1m[36mShark Load (0.1ms)[0m  [1m[34mSELECT "sharks".* FROM "sharks"[0m
  ↳ app/views/sharks/index.html.erb:6
  Rendered sharks/_shark.html.erb (Duration: 0.1ms | Allocations: 31)
  Rendered sharks/index.html.erb within layouts/application (Duration: 2.2ms | Allocations: 816)
  Rendered layout layouts/application.html.erb (Duration: 4.9ms | Allocations: 3030)
Completed 200 OK in 6ms (Views: 5.4ms | ActiveRecord: 0.1ms | Allocations: 3384)


Started GET "/sharks/1" for 127.0.0.1 at 2023-01-30 19:05:01 +0000
Processing by SharksController#show as */*
  Parameters: {"id"=>"1"}
  [1m[36mShark Load (0.2ms)[0m  [1m[34mSELECT "sharks".* FROM "sharks" WHERE "sharks"."id" = ? LIMIT ?[0m  [["id", 1], ["LIMIT", 1]]
  ↳ app/controllers/sharks_controller.rb:63:in `set_shark'
  Rendering layout layouts/application.html.erb
  Rendering sharks/show.html.erb within layouts/application
  Rendered sharks/_shark.html.erb (Duration: 0.1ms | Allocations: 31)
  Rendered sharks/show.html.erb within layouts/application (Duration: 1.8ms | Allocations: 752)
  Rendered layout layouts/application.html.erb (Duration: 4.5ms | Allocations: 2933)
Completed 200 OK in 14ms (Views: 5.0ms | ActiveRecord: 0.2ms | Allocations: 8508)


Started GET "/sharks/2" for 127.0.0.1 at 2023-01-30 19:05:08 +0000
Processing by SharksController#show as */*
  Parameters: {"id"=>"2"}
  [1m[36mShark Load (0.1ms)[0m  [1m[34mSELECT "sharks".* FROM "sharks" WHERE "sharks"."id" = ? LIMIT ?[0m  [["id", 2], ["LIMIT", 1]]
  ↳ app/controllers/sharks_controller.rb:63:in `set_shark'
Completed 404 Not Found in 2ms (ActiveRecord: 0.1ms | Allocations: 1021)


  
ActiveRecord::RecordNotFound (Couldn't find Shark with 'id'=2):
  
app/controllers/sharks_controller.rb:63:in `set_shark'
Started GET "/sharks/2" for 127.0.0.1 at 2023-01-30 19:12:50 +0000
  [1m[36mActiveRecord::SchemaMigration Pluck (0.1ms)[0m  [1m[34mSELECT "schema_migrations"."version" FROM "schema_migrations" ORDER BY "schema_migrations"."version" ASC[0m
Processing by SharksController#show as */*
  Parameters: {"id"=>"2"}
  [1m[36mShark Load (0.1ms)[0m  [1m[34mSELECT "sharks".* FROM "sharks" WHERE "sharks"."id" = ? LIMIT ?[0m  [["id", 2], ["LIMIT", 1]]
  ↳ app/controllers/sharks_controller.rb:63:in `set_shark'
Completed 404 Not Found in 9ms (ActiveRecord: 0.6ms | Allocations: 6728)


  
ActiveRecord::RecordNotFound (Couldn't find Shark with 'id'=2):
  
app/controllers/sharks_controller.rb:63:in `set_shark'
Started GET "/sharks/2" for 127.0.0.1 at 2023-01-30 19:12:52 +0000
Processing by SharksController#show as */*
  Parameters: {"id"=>"2"}
  [1m[36mShark Load (0.1ms)[0m  [1m[34mSELECT "sharks".* FROM "sharks" WHERE "sharks"."id" = ? LIMIT ?[0m  [["id", 2], ["LIMIT", 1]]
  ↳ app/controllers/sharks_controller.rb:63:in `set_shark'
Completed 404 Not Found in 2ms (ActiveRecord: 0.1ms | Allocations: 1005)


  
ActiveRecord::RecordNotFound (Couldn't find Shark with 'id'=2):
  
app/controllers/sharks_controller.rb:63:in `set_shark'
Started GET "/sharks/2" for 127.0.0.1 at 2023-01-30 19:14:05 +0000
  [1m[36mActiveRecord::SchemaMigration Pluck (0.1ms)[0m  [1m[34mSELECT "schema_migrations"."version" FROM "schema_migrations" ORDER BY "schema_migrations"."version" ASC[0m
Processing by SharksController#show as */*
  Parameters: {"id"=>"2"}
  [1m[36mShark Load (0.1ms)[0m  [1m[34mSELECT "sharks".* FROM "sharks" WHERE "sharks"."id" = ? LIMIT ?[0m  [["id", 2], ["LIMIT", 1]]
  ↳ app/controllers/sharks_controller.rb:63:in `set_shark'
Completed 404 Not Found in 9ms (ActiveRecord: 0.7ms | Allocations: 6728)


  
ActiveRecord::RecordNotFound (Couldn't find Shark with 'id'=2):
  
app/controllers/sharks_controller.rb:63:in `set_shark'
Started GET "/sharks/2" for 127.0.0.1 at 2023-01-30 19:14:08 +0000
Processing by SharksController#show as */*
  Parameters: {"id"=>"2"}
  [1m[36mShark Load (0.1ms)[0m  [1m[34mSELECT "sharks".* FROM "sharks" WHERE "sharks"."id" = ? LIMIT ?[0m  [["id", 2], ["LIMIT", 1]]
  ↳ app/controllers/sharks_controller.rb:63:in `set_shark'
Completed 404 Not Found in 2ms (ActiveRecord: 0.1ms | Allocations: 1005)


  
ActiveRecord::RecordNotFound (Couldn't find Shark with 'id'=2):
  
app/controllers/sharks_controller.rb:63:in `set_shark'
Started GET "/sharks/2" for 127.0.0.1 at 2023-01-30 19:15:33 +0000
  [1m[36mActiveRecord::SchemaMigration Pluck (0.1ms)[0m  [1m[34mSELECT "schema_migrations"."version" FROM "schema_migrations" ORDER BY "schema_migrations"."version" ASC[0m
Processing by SharksController#show as */*
  Parameters: {"id"=>"2"}
  [1m[36mShark Load (0.1ms)[0m  [1m[34mSELECT "sharks".* FROM "sharks" WHERE "sharks"."id" = ? LIMIT ?[0m  [["id", 2], ["LIMIT", 1]]
  ↳ app/controllers/sharks_controller.rb:63:in `set_shark'
Completed 404 Not Found in 9ms (ActiveRecord: 0.7ms | Allocations: 6728)


  
ActiveRecord::RecordNotFound (Couldn't find Shark with 'id'=2):
  
app/controllers/sharks_controller.rb:63:in `set_shark'
Started GET "/sharks/2" for 127.0.0.1 at 2023-01-30 19:15:36 +0000
Processing by SharksController#show as */*
  Parameters: {"id"=>"2"}
  [1m[36mShark Load (0.1ms)[0m  [1m[34mSELECT "sharks".* FROM "sharks" WHERE "sharks"."id" = ? LIMIT ?[0m  [["id", 2], ["LIMIT", 1]]
  ↳ app/controllers/sharks_controller.rb:63:in `set_shark'
Completed 404 Not Found in 2ms (ActiveRecord: 0.1ms | Allocations: 1005)


  
ActiveRecord::RecordNotFound (Couldn't find Shark with 'id'=2):
  
app/controllers/sharks_controller.rb:63:in `set_shark'
